<?xml version="1.0" encoding="UTF-8"?>
<!-- Generated by org.testng.reporters.JUnitReportReporter -->
<testsuite skipped="0" hostname="CND7345VTO" name="com.ionicpartners.test.TestBlog" tests="1" failures="0" timestamp="2021-05-29T12:53:06 ICT" time="35.528" errors="0">
  <testcase name="testBlog" time="35.528" classname="com.ionicpartners.test.TestBlog"/>
  <system-out/>
</testsuite> <!-- com.ionicpartners.test.TestBlog -->
