<?xml version="1.0" encoding="UTF-8"?>
<!-- Generated by org.testng.reporters.JUnitReportReporter -->
<testsuite skipped="0" hostname="CND7345VTO" name="com.ionicpartners.test.TestAbout" tests="1" failures="0" timestamp="2021-05-29T12:53:06 ICT" time="23.705" errors="0">
  <testcase name="testAbout" time="23.705" classname="com.ionicpartners.test.TestAbout"/>
  <system-out/>
</testsuite> <!-- com.ionicpartners.test.TestAbout -->
